1
1
1
1
2
2
3
3
4
4
5
7
7
9
9
11
11
11
12
12
14
15
15
16
18
18
19
21
21
23
24
25
25
26
27
28
28
30
32
32
32
34
35
36
37
39
39
41
41
42
43
45
45
45
46
48
50
51
53
53
53
53
54
56
57
58
59
60
61
62
63
65
67
67
68
69
70
71
72
73
74
75
76
77
78
79
80
80
81
82
85
85
87
87
88
90
90
92
92
93
96
96
96
97
98
99
100
101
102
102
103
105
106
107
108
110
110
111
113
113
115
115
116
117
118
120
121
121
122
123
123
125
126
127
129
132
132
132
133
134
135
135
137
138
139
140
140
143
143
145
146
148
149
151
151
153
153
155
155
157
157
158
160
160
163
163
163
164
165
168
169
170
171
172
173
176
176
178
178
179
183
183
184
186
187
188
189
190
191
196
196
196
196
197
199
199
200
200
201
201
202
203
203
204
205
207
208
208
208
210
211
212
212
213
213
217
217
217
217
218
218
219
220
221
221
222
224
224
227
227
227
231
231
232
234
234
236
237
238
239
241
242
242
244
245
245
246
247
248
249
249
251
252
252
255
255
256
258
260
261
263
263
263
264
266
267
268
268
268
269
272
272
272
274
274
274
276
277
278
281
282
283
284
287
287
289
290
290
291
291
293
294
296
296
298
299
299
299
300
300
303
305
306
306
308
308
311
311
312
313
315
316
317
318
318
319
320
322
324
326
328
328
331
332
333
336
338
338
339
341
342
344
345
348
349
351
351
351
353
353
356
358
361
365
367
370
371
372
372
373
377
378
379
381
383
384
386
391
393
395
397
400
400
401
402
402
406
409
411
414
415
418
418
420
421
422
425
426
429
433
435
436
437
437
439
440
443
443
443
445
446
447
450
452
455
455
456
458
459
460
460
462
464
467
468
470
471
471
471
474
478
482
482
484
484
485
487
490
493
494
495
500
502
503
505
505
507
510
512
516
517
519
520
524
528
529
530
531
532
535
539
543
546
551
556
556
559
560
562
568
573
577
583
588
590
592
597
600
606
614
621
627
636
647
654
662
675
689
710
728
749
778
813
847
877
923
951
988
1024
1053
1070
1096
1119
1144
1165
1186
1206
1237
1261
1290
1315
1352
1400
1437
1481
1515
1545
1592
1625
1683
1722
1763
1799
1829
1864
1895
1936
1971
2002
2038
2071
2108
2135
2168
2199
2228
2260
2293
2320
2347
2375
2420
2447
2471
2495
2516
2547
2572
2593
2628
2647
2680
2699
2720
2743
2754
2773
2800
2827
2846
2864
2881
2897
2910
2928
2943
2954
2966
2981
2993
3006
3016
3026
3035
3046
3054
3061
3066
3070
3083
3087
3094
3107
3114
3119
3123
3131
3132
3135
3137
3142
3144
3147
3150
3153
3157
3158
3161
3163
3164
3164
3164
3165
3165
3167
3167
3168
3168
3168
3168
3168
3168
3168
3168
3168
3169
3170
3170
3172
3173
3173
3173
3174
3174
3174
3174
3174
3175
3175
3177
3177
3177
3178
3178
3180
3182
3182
3183
3183
3184
3185
3185
3186
3187
3188
3189
3190
3192
3192
3194
3194
3195
3195
3196
3198
3198
3199
3199
3200
3201
3202
3203
3204
3205
3206
3206
3206
3208
3208
3209
3210
3212
3212
3214
3214
3214
3216
3216
3217
3218
3220
3221
3221
3222
3223
3223
3223
3225
3226
3226
3226
3228
3229
3230
3230
3230
3231
3233
3234
3236
3236
3237
3237
3238
3240
3241
3241
3242
3244
3244
3246
3246
3247
3247
3248
3250
3251
3252
3253
3254
3256
3257
3259
3259
3259
3260
3262
3262
3263
3266
3266
3268
3271
3272
3273
3274
3276
3277
3277
3280
3281
3281
3282
3283
3285
3286
3287
3288
3290
3291
3293
3294
3296
3297
3298
3302
3303
3305
3305
3306
3308
3310
3312
3315
3316
3318
3319
3322
3323
3323
3326
3327
3331
3332
3332
3334
3340
3340
3341
3346
3347
3350
3351
3353
3356
3359
3359
3361
3363
3366
3367
3372
3373
3375
3377
3379
3384
3385
3391
3393
3394
3395
3398
3401
3403
3407
3413
3414
3419
3422
3426
3429
3432
3438
3444
3449
3451
3452
3457
3460
3466
3470
3480
3490
3501
3508
3515
3522
3530
3540
3553
3567
3584
3607
3629
3658
3684
3714
3741
3778
3809
3849
3877
3903
3926
3940
3946
3969
3981
3998
4016
4040
4075
4106
4129
4161
4193
4229
4273
4314
4355
4393
4426
4451
4501
4541
4581
4622
4655
4680
4710
4741
4783
4822
4857
4893
4919
4943
4966
4987
5015
5039
5059
5082
5103
5123
5138
5172
5191
5216
5256
5278
5295
5316
5345
5374
5397
5428
5448
5463
5476
5486
5507
5531
5541
5557
5576
5590
5614
5631
5650
5663
5677
5693
5702
5713
5721
5725
5733
5739
5746
5750
5757
5767
5774
5780
5785
5793
5794
5795
5798
5803
5808
5811
5814
5815
5816
5818
5824
5824
5824
5826
5828
5831
5832
5832
5834
5834
5834
5835
5836
5836
5836
5836
5836
5836
5836
5836
5836
5837
5837
5837
5838
5838
5838
5839
5840
5841
5842
5843
5844
5844
5844
5844
5844
5844
5844
5844
5846
5847
5847
5848
5849
5851
5852
5853
5853
5855
5855
5855
5856
5857
5858
5860
5861
5861
5862
5863
5864
5865
5866
5867
5867
5868
5869
5870
5871
5872
5873
5874
5875
5875
5876
5876
5877
5879
5880
5880
5882
5883
19
20
20
22
23
23
24
27
27
30
31
31
31
33
33
34
36
37
38
39
40
40
40
43
44
46
48
48
48
49
50
51
53
54
54
56
57
58
60
60
62
63
64
65
66
67
68
69
69
71
71
72
74
74
76
77
78
78
79
80
82
83
84
84
85
86
88
88
90
91
91
92
93
94
95
96
97
99
99
100
102
103
103
104
105
105
108
109
110
111
112
113
114
116
116
118
118
120
120
122
122
123
123
123
123
124
125
127
128
128
129
131
133
133
134
135
137
137
138
140
141
142
144
144
145
145
146
149
150
150
153
153
154
155
156
157
159
160
161
163
165
165
168
168
170
170
170
172
173
174
177
178
178
179
182
182
183
183
183
185
187
187
188
192
193
195
196
197
197
199
200
200
203
204
205
206
206
207
209
211
211
212
213
216
216
220
221
222
222
225
227
227
228
231
231
233
234
237
237
238
239
240
243
245
245
246
246
247
247
250
251
252
252
254
254
255
257
260
261
262
264
266
268
268
268
269
271
272
273
273
274
275
276
277
277
279
280
281
283
284
285
285
287
287
287
288
289
293
294
295
296
297
298
300
301
302
303
304
305
308
308
310
311
313
315
315
315
317
317
319
321
322
325
330
332
333
333
334
335
337
338
340
342
342
346
348
352
354
357
357
357
358
359
361
363
364
367
367
369
370
372
373
376
377
379
381
384
384
388
389
391
392
395
396
397
398
400
401
404
405
407
410
412
412
414
415
417
419
420
422
426
426
430
430
433
434
436
437
437
438
441
443
446
448
449
450
453
454
455
456
458
462
466
466
467
468
471
476
477
481
483
483
486
487
488
491
496
497
500
503
505
505
511
512
515
516
520
523
524
528
535
538
542
543
545
546
550
552
558
566
566
569
571
576
581
585
585
592
594
601
608
612
616
626
631
633
639
646
658
671
681
703
716
729
746
767
784
814
839
860
888
910
932
952
980
993
1018
1034
1050
1070
1084
1094
1107
1123
1132
1146
1168
1198
1223
1247
1296
1337
1392
1465
1512
1588
1644
1689
1735
1771
1809
1834
1864
1890
1933
1982
2014
2056
2084
2121
2157
2196
2246
2300
2343
2372
2396
2420
2447
2466
2490
2520
2559
2613
2668
2722
2771
2818
2859
2901
2937
2981
3007
3026
3043
3066
3084
3104
3117
3143
3183
3211
3246
3280
3315
3348
3372
3396
3410
3423
3441
3445
3462
3469
3481
3499
3506
3519
3529
3541
3561
3578
3588
3599
3612
3623
3630
3642
3643
3646
3650
3653
3658
3662
3664
3666
3667
3669
3670
3672
3674
3675
3676
3678
3680
3680
3682
3682
3685
3685
3685
3686
3686
3686
3686
3687
3688
3689
3689
3690
3690
3690
3690
3690
3690
3691
3692
3692
3692
3692
3692
3692
3692
3692
3692
3692
3693
3693
3693
3694
3694
3695
3695
3697
3699
3699
3700
3701
3702
3702
3702
3703
3703
3703
3705
3705
3705
3706
3708
3709
3710
3710
3711
3712
3712
3713
3713
3714
3716
3718
3719
3721
3721
3722
3723
3724
3725
3725
3726
3729
3729
3730
3730
3732
3733
3734
3735
3735
3735
3737
3738
3741
3742
3743
3745
3746
3746
3747
3748
3749
3751
3751
3752
3753
3754
3755
3756
3756
3758
3759
3759
3760
3760
3760
3761
3762
3764
3765
3766
3766
3768
3770
3770
3771
3773
3774
3774
3774
3774
3776
3777
3778
3778
3780
3781
3782
3783
3784
3785
3787
3787
3788
3790
3792
3793
3793
3794
3794
3795
3797
3798
3800
3800
3803
3803
3804
3805
3806
3807
3808
3809
3810
3811
3813
3814
3814
3816
3817
3819
3820
3820
3821
3822
3823
3823
3825
3826
3827
3828
3828
3829
3830
3830
3832
3833
3835
3835
3837
3837
3838
3839
3840
3841
3842
3844
3845
3846
3847
3847
3849
3850
3850
3850
3851
3852
3853
3853
3854
3855
3858
3858
3859
3859
3860
3861
3862
3863
3865
3865
3866
3866
3866
3868
3868
3870
3871
3874
3874
3875
3876
3877
3878
3878
3879
3881
3881
3882
3883
3884
3885
3887
3888
3889
3890
3891
3892
3893
3893
3895
3895
3898
3898
3899
3901
3901
3902
3904
3904
3905
3906
3906
3907
3909
3911
3911
3912
3914
3915
3916
3918
3920
3921
3921
3921
3922
3923
3924
3926
3928
3930
3931
3932
3934
3935
3936
3936
3938
3938
3938
3940
3941
3944
3945
3945
3946
3948
3948
3948
3949
3950
3950
3951
3953
3954
3954
3956
3957
3958
3959
3961
3961
3962
3963
3964
3964
3965
3966
3967
3969
3969
3971
3971
3973
3974
3974
3975
3976
3977
3978
3979
3980
3981
3983
3983
3985
3985
3986
3986
3987
3988
3990
3991
3992
3992
3992
3993
3994
3996
3998
3998
3999
4000
4001
4001
4001
4002
4003
4003
4004
4005
4007
4007
4010
4011
4012
4015
4015
4018
4018
4019
4019
4019
4019
4022
4023
4025
4026
4027
4030
4030
4031
4031
4033
4034
4036
4037
4038
4040
4041
4041
4044
4044
4045
4046
4047
4048
4049
4050
4050
4052
4053
4054
4055
4056
4058
4060
4061
4063
4064
4065
4066
4067
4069
4072
4073
4075
4076
4077
4079
4079
4080
4081
4082
4082
4083
4084
4086
4087
4089
4090
4091
4094
4095
4095
4097
4099
4101
4103
4106
4108
4110
4110
4112
4113
4116
4117
4120
4120
4122
4126
4127
4132
4132
4134
4135
4138
4142
4144
4147
4149
4152
4153
4156
4157
4162
4163
4166
4169
4172
4175
53
56
60
65
67
72
76
77
84
88
92
101
104
115
120
128
133
140
152
160
174
196
216
231
247
266
286
316
337
368
398
429
461
491
516
542
565
593
604
619
635
653
677
703
734
764
788
833
873
915
954
997
1044
1102
1160
1204
1252
1286
1334
1372
1399
1434
1462
1488
1529
1569
1610
1663
1704
1743
1779
1815
1848
1882
1903
1937
1973
2000
2020
2049
2081
2108
2136
2167
2190
2226
2254
2276
2297
2317
2341
2363
2373
2389
2405
2422
2433
2445
2456
2469
2479
2488
2493
2501
2508
2516
2526
2535
2541
2546
2549
2553
2554
2557
2560
2563
2566
2567
2568
2571
2571
2575
2576
2579
2580
2581
2584
2584
2584
2585
2585
2585
2586
2587
2587
2588
2588
2588
2588
2589
2591
2591
2591
2591
2592
2593
2594
2594
2595
2595
2595
2596
2597
2597
2598
2598
2598
2598
2598
2598
2598
2598
2598
2598
2598
2599
2600
2600
2600
2601
2602
2603
2605
2606
2606
2606
2607
2607
2607
2609
2611
2611
2612
2612
2613
2613
2616
2617
2617
2619
2619
2620
2621
2623
2623
2624
2625
2625
2627
2627
2629
2629
2630
2631
2631
2631
2634
2634
2635
2636
2637
2639
2639
2639
2640
2640
2641
2643
2643
2644
2644
2646
2646
2646
2647
2649
2650
2651
2652
2653
2654
2655
2658
2659
2660
2661
2662
2662
2663
2664
2664
2665
2666
2666
2667
2669
2670
2670
2671
2672
2672
2674
2674
2675
2676
2677
2678
2680
2680
2681
2681
2682
2683
2684
2685
2685
2687
2687
2688
2689
2690
2692
2693
2694
2696
2697
2697
2698
2699
2702
2702
2703
2704
2706
2706
2708
2709
2709
2710
2712
2713
2714
2716
2718
2718
2720
2721
2721
2722
2723
2724
2724
2725
2728
2729
2730
2730
2731
2732
2733
2735
2735
2738
2738
2739
2739
2739
2739
2742
2743
2743
2744
2747
2747
2747
2748
2749
2752
2752
2755
2755
2756
2756
2757
2759
2760
2762
2762
2763
2763
2764
2767
2767
2768
2769
2770
2771
2771
2772
2773
2774
2776
2777
2778
2778
2781
2782
2782
2783
2785
2785
2786
2787
2789
2789
2790
2791
2792
2794
2794
2795
2795
2796
2799
2799
2801
2801
2802
2803
2804
2805
2807
2807
2808
2810
2810
2811
2814
2815
2815
2817
2818
2819
2820
2822
2822
2823
2824
2825
2826
2826
2827
2828
2830
2831
2831
2833
2834
2834
2835
2836
2837
2838
2841
2842
2843
2844
2846
2846
2847
2849
2849
2849
2851
2852
2852
2853
2854
2855
2856
2858
2858
2859
2860
2861
2862
2862
2864
2865
2865
2867
2867
2870
2870
2870
2872
2873
2874
2875
2876
2877
2879
2879
2880
2880
2882
2883
2884
2885
2886
2887
2888
2888
2889
2891
2891
2892
2893
2894
2895
2895
2896
2897
2898
2900
2902
2902
2903
2904
2904
2905
2907
2907
2908
2910
2913
2913
2913
2913
2914
2916
2918
2919
2919
2920
2921
2922
2924
2925
2925
2927
2929
2930
2930
2932
2932
2933
2934
2935
2935
2935
2936
2937
2938
2943
2943
2944
2945
2946
2946
2947
2949
2950
2952
2952
2953
2955
2955
2955
2958
2959
2959
2960
2961
2962
2964
2965
2967
2968
2969
2970
2971
2973
2974
2974
2976
2977
2978
2980
2980
2983
2984
2984
2986
2986
2988
2988
2989
2990
2991
2991
2992
2993
2995
2995
2996
2996
2999
2999
3002
3002
3003
3004
3005
3006
3007
3007
3009
3012
3014
3015
3016
3018
3018
3019
3022
3023
3024
3026
3027
3028
3029
3030
3032
3033
3036
3036
3039
3040
3040
3041
3041
3042
3043
3044
3045
3049
3050
3052
3052
3054
3057
3057
3057
3059
3060
3061
3062
3065
3066
3066
3067
3069
3069
3070
3072
3073
3073
3074
3075
3076
3077
3078
3079
3080
3081
3082
3084
3084
3086
3088
3088
3090
3091
3092
3093
3094
3095
3096
3097
3100
3100
3100
3101
3103
3104
3104
3106
3107
3108
3110
3111
3111
3113
3114
3116
3117
3118
3118
3119
3120
3122
3123
3123
3123
3124
3124
3124
3125
3126
3127
3129
3129
3131
3132
3132
3132
3132
3134
3136
3136
3137
3138
3140
3140
3142
3142
3144
3146
3147
3148
3149
3150
3151
3152
3152
3152
3152
3155
3156
3157
3157
3158
3159
3160
3161
3163
3164
3164
3164
3166
3166
3166
3168
3170
3171
3171
3173
3174
3175
3176
3177
3179
3180
3181
3183
3184
3185
3189
3189
3190
3192
3193
3193
3194
3197
3198
3201
3201
3202
3202
3204
3205
3206
3208
3209
3209
3211
3212
3214
3215
3216
3217
3217
3219
3220
3222
3223
3226
3227
3228
3230
3230
3232
3233
3234
3235
3235
3236
3238
3239
3239
3240
3242
3244
3245
3247
3249
3251
3251
3252
3254
3255
3258
3258
3258
3259
3261
3261
3263
3263
3265
3266
3268
3268
3269
3270
3271
3273
3276
3278
3278
3279
3280
3282
3283
3285
3285
3287
3288
3289
3290
3292
3294
3295
3295
3297
3299
3301
3303
3304
3306
3307
3308
3308
3312
3312
3313
3315
3316
3317
3318
3320
3321
3323
3324
3326
3327
3330
3331
3331
3333
3336
3337
3339
3339
3341
3344
3346
3346
3349
3350
3351
3353
3354
3359
3359
3360
3362
3364
3366
3368
3370
3370
3371
3373
3377
3381
3384
3386
3388
3388
3390
3393
3400
3402
3403
3410
3415
3419
3424
3427
3432
3436
3440
3444
3449
3455
3461
3473
3483
3491
3501
3505
3520
3533
3556
3574
3590
3616
3657
3692
3729
3770
3805
3844
3886
3918
3957
3981
4001
4013
4038
4055
4076
4101
4135
4170
4209
4266
4314
4352
4407
4455
4501
4532
4567
4599
4643
4666
4718
4745
4792
4840
4882
4919
4958
5001
5037
5072
5098
5129
5156
5183
5212
5237
5262
5287
5319
5351
5383
5416
5447
5476
5518
5546
5585
5610
5638
5669
5702
5724
5747
5769
5789
5805
5822
5838
5849
5866
5884
5895
5910
5919
5927
5938
5945
5950
5953
5961
5963
5968
5975
5979
5980
5981
5983
5985
5987
5988
107
108
108
108
110
110
110
111
112
113
113
113
115
115
115
115
115
115
115
116
116
116
116
116
117
117
117
117
118
118
119
119
120
121
121
121
121
121
121
122
122
122
124
125
125
125
125
126
126
126
127
128
128
129
129
129
129
129
129
131
134
134
134
135
136
136
136
138
139
139
142
142
144
144
145
146
147
147
148
148
150
151
151
153
153
153
155
155
157
158
158
158
160
160
162
163
164
165
166
167
168
168
170
171
173
173
174
176
177
177
178
179
179
181
182
183
183
184
184
185
185
186
187
188
189
190
191
193
194
195
195
197
198
198
200
202
202
203
204
205
205
206
207
209
210
211
212
212
216
217
219
219
219
219
220
221
221
222
223
223
224
226
226
228
229
229
229
231
232
232
233
234
235
235
236
237
238
239
240
240
241
243
243
244
245
246
246
247
247
248
248
249
251
252
253
254
255
255
255
257
257
258
260
261
263
263
265
265
266
266
268
269
269
270
272
274
274
275
276
277
278
279
280
281
282
282
283
285
286
287
289
289
290
290
292
293
295
295
296
298
301
301
302
304
304
305
307
309
311
311
313
314
315
316
317
319
319
320
320
322
322
323
325
325
327
327
328
329
330
331
332
333
335
335
335
336
337
337
338
338
341
341
343
343
344
346
346
347
349
350
352
352
353
353
355
356
357
358
359
360
361
362
364
365
366
366
366
368
368
369
371
372
373
374
375
378
379
381
382
384
385
386
386
387
388
389
390
391
392
392
393
393
394
395
397
397
397
398
400
402
402
402
404
405
406
407
408
409
409
410
411
412
413
415
416
416
418
419
420
421
422
422
423
425
425
426
427
427
428
430
430
430
431
432
433
434
435
436
437
439
439
440
442
443
444
444
445
446
446
448
449
450
452
453
453
453
455
456
457
457
458
459
460
462
463
465
465
466
467
470
470
472
473
475
477
478
479
481
483
485
485
486
488
491
492
492
494
494
495
496
498
501
501
502
503
506
508
509
509
510
511
512
513
514
514
515
516
519
521
521
522
524
524
526
526
528
529
529
530
532
533
534
534
535
538
538
539
540
541
541
542
543
545
546
546
547
548
548
549
551
552
555
556
558
560
561
563
563
566
566
567
568
570
570
571
571
572
573
574
575
575
577
578
579
580
582
582
585
585
586
587
588
588
589
590
590
591
591
593
593
595
597
598
599
600
602
604
604
605
606
606
607
608
610
610
611
611
612
614
616
617
618
619
621
624
624
628
629
632
632
634
635
638
639
640
642
644
645
651
653
654
657
659
663
664
666
669
673
675
680
681
686
687
690
690
692
697
700
704
710
712
714
721
723
728
733
737
744
751
755
763
768
776
787
793
801
816
829
848
875
899
927
958
995
1036
1091
1128
1163
1206
1244
1272
1296
1318
1337
1355
1377
1401
1441
1478
1534
1613
1683
1748
1803
1851
1896
1949
1987
2014
2038
2062
2091
2119
2153
2196
2239
2281
2340
2391
2450
2498
2541
2565
2589
2616
2637
2660
2685
2703
2724
2755
2782
2808
2828
2858
2887
2915
2937
2959
2979
3003
3015
3026
3035
3040
3050
3054
3062
3066
3072
3085
3088
3103
3109
3121
3133
3139
3148
3153
3156
3158
3165
3170
3172
3173
3174
3174
3176
3179
3184
3185
3187
3188
3188
3188
3188
3189
3190
3192
3194
3195
3195
3195
3196
3196
3196
3196
3197
3197
3197
3197
3197
3198
3198
3198
3199
3199
3199
3200
3203
3203
3204
3204
3204
3204
3205
3207
3207
3209
3209
3210
3210
3210
3210
3211
3212
3212
3213
3213
3213
3213
3214
3215
3216
3216
3216
3217
3217
3219
3220
3220
3220
3220
3222
3223
3224
3225
3226
3227
3228
3229
3230
3230
3232
3233
3234
3234
3234
3236
3236
3237
3237
3238
3240
3240
3241
3243
3245
3245
3245
3245
3246
3248
3249
3250
3250
3252
3253
3254
3255
3257
3257
3258
3258
3260
3261
3262
3265
3265
3266
3268
3269
3270
3271
3273
3274
3275
3275
3276
3278
3279
3279
3281
3281
3282
3282
3283
3284
3286
3288
3289
3289
3290
3292
3292
3293
3294
3294
3297
3298
3298
3299
3300
3302
3304
3304
3304
3306
3307
3307
3308
3310
3311
3312
3312
3314
3314
3315
3317
3318
3319
3320
3322
3322
3324
3326
3327
3328
3330
3330
3331
3333
3334
3334
3334
3336
3337
3338
3339
3340
3341
3342
3343
3344
3346
3346
3346
3347
3349
3349
3350
3351
3351
3352
3354
3355
3357
3357
3358
3358
3360
3362
3363
3364
3364
3365
3366
3367
3369
3370
3370
3371
3373
3373
3373
3376
3376
3378
3378
3379
3380
3381
3382
3382
3384
3386
3386
3387
3388
3389
3390
3390
3391
3392
3393
3395
3396
3397
3397
3399
3399
3400
3401
3402
3402
3403
3404
3407
3407
3408
3409
3411
3413
3414
3415
3417
3417
3418
3420
3420
3421
3422
3424
3425
3426
3426
3427
3430
3430
3431
3432
3435
3436
3437
3439
3441
3441
3442
3444
3446
3446
3448
3448
3449
3450
3452
3452
3453
3453
3454
3455
3458
3459
3461
3463
3463
3466
3468
3468
3469
3469
3471
3472
3472
3474
3474
3474
3475
3477
3478
25
25
26
27
29
30
31
32
35
35
36
37
38
39
40
41
42
42
44
44
45
46
47
48
50
50
51
53
53
54
55
55
57
58
58
59
60
61
61
62
64
65
66
67
68
68
69
69
72
74
75
75
76
76
77
79
79
80
81
82
83
85
87
87
88
89
89
91
93
93
94
95
96
96
97
98
99
101
101
102
104
104
105
106
106
107
108
109
110
112
112
113
114
115
116
116
117
118
121
122
122
123
124
125
127
128
129
130
131
131
133
134
135
136
136
137
139
140
142
142
143
144
146
146
148
148
149
151
151
154
154
155
156
156
158
159
160
161
162
164
164
165
166
167
167
168
169
169
169
171
172
174
174
174
176
178
178
179
180
182
182
183
184
185
186
187
189
189
191
191
193
193
194
195
196
196
199
199
200
201
203
205
205
206
207
208
209
210
210
211
213
215
216
217
218
218
219
220
221
222
223
223
224
226
227
227
229
231
232
233
234
234
235
237
237
238
239
240
240
240
241
242
244
244
245
246
246
247
248
248
248
248
250
252
252
253
253
254
255
255
255
256
256
257
259
259
261
262
262
262
263
265
266
267
268
271
272
272
273
274
275
276
277
279
280
280
281
283
284
285
287
288
288
290
291
293
294
296
296
298
299
299
301
302
303
304
306
307
309
310
312
313
314
316
318
319
320
321
321
323
325
325
326
326
327
328
328
328
329
331
333
333
334
338
339
339
340
341
342
343
344
344
345
347
347
348
349
350
351
351
352
353
355
355
356
356
357
359
360
361
361
362
364
366
366
368
369
369
370
370
371
372
373
374
375
375
377
378
378
379
380
380
382
384
386
386
387
389
389
390
391
392
392
393
394
395
396
398
398
400
400
401
402
403
405
405
406
407
408
409
409
412
412
413
414
414
415
416
417
418
419
420
421
422
422
423
424
424
425
427
428
428
429
430
431
432
434
434
435
437
437
437
438
438
439
441
442
444
444
445
447
447
448
448
449
450
451
452
453
455
455
456
458
459
459
460
461
462
463
464
464
465
467
467
468
469
469
470
470
471
473
474
475
476
477
478
480
480
482
482
483
484
485
486
488
488
489
490
490
490
492
493
493
495
495
496
497
499
500
501
502
503
505
505
506
508
508
509
510
511
511
514
514
515
517
517
518
518
520
522
522
523
524
524
525
526
528
528
529
530
531
532
533
535
536
536
538
538
539
540
540
541
542
543
546
546
548
549
550
550
551
552
554
554
555
556
557
559
559
561
561
563
564
565
566
567
568
569
571
572
573
573
575
575
575
576
577
577
579
580
581
582
582
583
586
586
588
588
590
591
592
593
593
594
594
594
596
597
597
597
598
600
600
602
602
603
603
603
605
607
607
607
608
609
610
611
612
613
614
615
616
617
618
619
620
622
622
623
624
625
625
626
628
628
629
629
631
633
633
633
634
635
636
637
638
638
638
639
642
642
644
644
645
646
647
648
649
651
651
653
653
654
656
656
657
657
659
659
660
662
662
663
664
664
665
666
667
668
668
670
671
672
672
673
674
676
678
678
679
680
680
680
681
682
683
686
687
687
688
689
690
691
692
693
693
696
697
699
700
701
702
703
703
705
706
707
709
710
710
711
711
712
713
714
716
716
716
717
719
719
720
721
722
722
724
724
724
725
726
727
729
730
732
733
733
733
735
736
736
738
738
740
741
742
743
744
746
746
748
748
749
749
750
750
752
753
754
754
755
756
757
759
759
760
760
762
763
764
765
766
767
768
769
770
771
773
774
774
775
776
777
778
779
779
781
781
782
783
785
786
786
786
789
790
790
791
792
793
794
795
796
796
797
798
800
801
802
803
805
805
806
807
809
809
810
811
812
813
813
815
815
816
818
819
819
820
821
822
822
824
824
825
826
827
828
828
830
830
831
832
833
834
835
836
837
838
839
840
841
842
843
844
845
846
847
849
851
851
853
853
854
855
857
858
858
860
861
862
863
865
866
867
868
868
872
873
874
874
876
876
877
878
880
881
881
883
884
886
886
887
889
890
891
892
894
894
896
897
898
899
900
900
901
904
904
904
905
907
909
910
911
912
912
913
915
916
916
917
918
919
919
920
920
922
923
924
925
926
928
929
929
930
931
932
934
935
936
937
938
939
940
941
941
943
944
945
945
947
947
948
949
951
952
953
954
955
957
957
960
960
961
963
963
965
965
966
967
968
969
970
971
973
973
975
976
976
976
977
978
979
979
980
982
984
986
986
987
989
990
990
991
992
993
994
995
996
997
998
999
999
24
24
25
26
26
27
28
29
30
32
32
33
35
35
35
35
37
37
38
39
41
41
41
43
43
44
45
48
48
50
50
51
53
54
54
55
56
56
57
58
59
60
61
63
63
64
65
66
67
68
69
70
70
70
71
72
73
74
75
76
77
77
77
79
81
82
82
84
85
86
87
87
89
89
89
89
91
92
92
92
93
95
96
96
96
98
99
99
100
101
102
103
104
105
106
107
108
109
110
111
112
113
114
115
118
118
118
119
121
122
122
122
123
124
126
127
128
129
130
131
133
134
134
135
136
136
138
138
139
140
141
141
144
145
146
148
149
149
149
151
152
154
154
154
155
156
158
159
160
161
163
163
163
164
165
166
167
168
170
170
170
173
173
173
175
175
176
177
178
179
180
180
180
181
182
184
184
185
186
188
189
189
190
191
192
193
194
195
197
197
198
199
200
201
202
204
204
205
206
207
208
209
209
209
211
212
213
213
215
216
216
217
219
219
220
221
222
223
225
225
225
225
226
228
228
230
230
230
231
233
234
235
236
237
237
239
241
241
242
243
243
244
245
247
248
249
250
252
253
253
254
255
256
257
258
258
259
260
262
263
264
266
267
267
268
269
270
271
272
274
275
276
276
277
277
278
279
282
283
285
287
288
289
291
292
292
294
295
296
297
297
298
299
300
301
302
303
304
304
305
307
307
309
309
309
312
312
312
313
313
314
314
316
316
317
318
320
320
321
323
323
324
324
325
326
327
328
329
330
331
332
334
334
337
337
338
339
340
341
342
344
345
345
345
347
347
349
349
350
351
352
352
353
354
355
356
358
358
359
361
362
363
365
365
367
367
368
369
370
370
372
373
374
375
376
378
378
380
380
380
382
383
384
385
386
387
389
389
391
391
392
393
394
395
395
396
399
400
402
402
403
404
405
405
407
407
410
410
411
413
413
415
415
416
417
418
419
419
420
421
421
422
425
425
426
426
427
428
429
430
431
433
433
434
435
436
438
438
439
440
442
444
444
444
446
448
449
449
449
450
450
451
452
453
453
454
455
457
458
459
459
460
460
462
462
462
463
464
465
466
468
468
470
471
474
474
474
475
476
477
477
477
478
479
480
481
484
484
485
487
487
488
490
491
492
494
494
495
496
496
498
499
502
502
503
505
506
507
509
510
512
513
513
513
513
514
517
518
519
520
520
522
522
524
524
525
526
526
529
529
530
531
532
533
535
536
536
537
538
540
540
541
543
545
545
545
546
547
548
550
550
551
553
553
555
556
558
559
560
561
562
563
563
563
564
565
566
567
568
569
571
572
573
573
573
574
576
577
577
579
581
581
583
583
584
585
587
587
588
589
589
590
592
593
594
594
595
596
597
599
599
600
601
603
603
604
605
606
607
607
609
611
612
612
613
614
615
616
617
618
620
620
621
621
623
623
624
625
628
628
628
629
630
631
632
634
634
636
637
637
638
639
639
640
642
644
645
645
645
645
646
648
649
650
651
652
654
655
657
657
657
658
659
659
660
660
662
665
665
667
668
668
669
671
672
673
674
676
677
678
679
679
681
683
683
685
686
687
688
689
690
690
691
692
694
694
695
696
697
698
699
700
702
702
702
704
705
706
707
708
709
710
711
712
713
715
715
716
717
718
719
721
722
722
724
724
725
727
728
728
729
730
731
731
734
734
736
736
737
738
739
740
741
742
743
744
746
746
747
748
749
750
752
753
755
755
755
756
757
759
759
760
762
762
763
764
765
766
769
769
771
772
774
775
775
777
777
778
779
780
781
782
785
785
785
787
787
788
789
790
792
792
793
793
794
794
795
797
799
800
801
803
804
806
808
809
810
810
811
813
814
815
816
817
819
819
821
821
822
824
824
825
826
827
829
829
830
831
832
833
835
836
836
837
839
840
840
840
841
842
843
844
844
846
846
848
848
849
850
851
851
852
853
854
855
855
856
858
858
860
860
862
864
865
867
868
869
871
871
872
873
874
875
875
876
877
879
880
880
881
881
882
883
883
884
884
884
885
885
885
886
886
887
889
889
890
891
892
894
894
894
897
897
898
898
898
898
900
901
902
904
905
906
906
908
908
910
910
912
912
913
914
916
917
917
919
920
922
922
923
925
927
928
928
928
929
931
932
933
934
935
937
937
937
939
940
942
943
944
945
946
948
948
949
950
951
952
953
954
954
955
955
957
958
960
960
961
962
963
964
965
968
969
969
970
972
973
974
975
977
977
978
979
979
982
983
984
984
986
986
987
988
990
991
991
992
993
994
996
996
21
23
24
24
25
27
27
28
30
31
33
35
36
36
37
39
40
41
41
43
43
44
46
48
49
50
50
51
53
54
55
55
55
56
58
58
59
60
60
62
62
63
65
65
66
68
69
69
70
71
72
74
74
75
76
77
78
80
81
81
81
82
83
84
86
86
87
88
88
90
92
92
93
94
97
99
100
101
102
103
103
104
105
106
107
107
108
109
110
111
112
112
113
113
116
116
117
118
118
119
120
122
123
124
125
125
126
127
128
130
131
133
133
134
135
136
137
138
139
139
141
142
143
144
145
146
149
149
149
149
150
152
152
153
153
155
155
156
157
159
159
159
159
161
162
163
166
166
166
167
168
169
170
171
173
174
174
175
176
177
178
180
180
181
182
183
184
186
186
187
189
189
190
192
192
193
194
196
197
199
199
199
200
201
202
203
204
206
207
208
208
209
211
212
212
212
214
214
215
217
217
218
220
220
220
222
223
223
224
225
226
227
228
229
230
231
231
233
235
235
236
237
237
239
241
241
242
243
244
245
246
247
247
249
250
250
251
251
252
253
257
258
259
259
260
260
261
262
263
265
265
266
266
268
268
270
272
273
273
274
276
277
277
279
279
282
282
284
284
285
286
286
287
288
289
290
291
292
293
293
294
295
296
298
298
300
300
301
303
304
304
305
307
307
309
309
310
311
312
313
313
314
316
316
317
318
319
321
321
322
325
325
325
327
327
327
328
328
329
330
332
332
333
335
335
336
337
338
339
342
343
344
344
346
347
347
348
349
351
351
352
353
354
356
356
357
357
358
359
359
360
361
362
363
364
366
367
367
368
368
370
372
373
373
374
375
376
378
379
380
380
382
382
382
383
384
385
386
386
388
388
389
389
390
391
392
393
395
395
396
396
398
400
400
401
402
403
404
404
405
406
407
408
409
410
411
412
413
415
415
416
416
417
418
421
421
422
423
424
425
427
427
428
429
430
431
433
434
435
436
438
438
439
440
440
442
443
445
445
447
447
450
450
451
451
452
454
456
457
458
459
460
461
462
462
464
465
467
468
469
470
470
470
472
474
475
476
476
476
479
480
480
482
482
482
483
484
485
486
487
488
488
489
489
489
490
491
493
494
495
496
497
499
499
500
501
501
501
504
506
506
507
508
509
510
512
513
513
515
516
516
517
518
520
520
521
522
524
525
525
525
526
527
528
531
531
532
533
533
534
536
536
537
539
539
540
541
541
542
543
544
545
546
547
547
549
550
551
552
552
554
554
555
555
556
558
558
558
560
562
563
563
564
566
566
567
569
569
571
571
572
573
573
574
576
576
576
576
577
579
579
580
582
583
584
584
585
587
587
588
589
590
591
593
593
594
596
596
597
598
600
600
601
601
601
603
605
606
607
608
610
611
612
614
615
615
615
616
618
619
620
621
622
623
624
625
626
627
629
630
631
631
631
631
632
633
634
636
637
638
640
640
642
643
643
644
644
644
645
646
647
648
649
650
651
652
653
653
655
656
657
658
660
661
662
663
663
666
666
667
668
670
671
671
672
673
674
676
677
678
679
679
680
681
682
683
684
685
685
686
686
687
689
689
690
692
693
694
695
696
696
697
698
699
700
701
702
703
704
705
707
708
709
710
712
712
713
714
715
717
717
718
718
719
720
721
721
722
723
723
725
726
727
727
728
729
730
732
733
733
733
734
735
735
736
739
739
739
740
741
743
743
745
745
746
747
749
749
751
751
752
753
754
755
755
757
757
758
759
760
761
763
765
766
767
768
768
770
770
771
771
773
774
776
776
778
778
779
781
781
782
783
785
785
787
788
789
790
791
792
792
794
796
796
798
798
798
799
800
800
801
802
803
804
806
806
807
808
809
811
811
812
812
814
815
816
817
818
819
820
822
823
824
825
826
826
827
828
829
830
831
831
832
833
834
835
837
838
839
839
841
841
841
844
846
846
847
848
849
850
851
851
852
854
854
855
856
857
858
859
859
861
861
861
863
863
863
864
865
866
867
868
870
871
871
873
873
875
875
876
877
877
878
879
880
881
883
883
884
885
886
888
889
890
891
892
892
893
895
896
896
897
898
900
900
902
902
904
904
906
906
907
908
910
910
912
913
914
915
916
916
917
918
919
920
921
923
923
924
925
926
928
928
929
930
932
932
933
934
935
936
937
938
938
938
939
940
941
942
943
945
946
946
948
948
949
950
952
952
952
953
954
955
957
957
958
960
961
961
963
964
964
965
965
967
968
968
969
970
971
972
972
974
975
976
977
978
979
979
980
18
19
20
21
22
22
24
25
26
27
27
27
29
32
32
33
34
35
37
37
38
39
39
41
41
42
43
44
44
47
48
49
49
50
51
52
53
55
55
56
57
58
58
59
60
62
62
63
64
64
66
68
68
68
69
70
72
73
74
74
74
75
77
77
79
80
80
80
81
83
84
85
85
87
87
89
89
91
91
92
93
93
93
94
95
97
97
98
101
101
103
103
104
104
104
104
105
106
106
107
109
110
111
112
113
114
115
116
116
117
118
118
119
120
121
122
123
125
125
126
128
128
129
130
130
130
131
132
133
133
134
136
136
138
138
141
142
142
144
145
145
146
147
147
148
149
150
151
153
153
155
155
157
157
159
159
161
161
162
163
165
165
166
167
169
169
170
171
172
172
172
175
175
176
177
178
178
179
180
182
183
183
184
186
187
188
188
189
190
191
192
193
195
195
196
196
196
197
200
201
201
202
202
204
205
205
208
208
209
210
211
212
213
214
215
216
217
218
219
221
222
222
223
226
226
227
228
230
230
231
232
233
234
234
236
236
237
239
239
239
240
240
241
243
245
245
246
247
249
249
250
252
252
253
255
255
257
258
258
259
260
261
262
263
265
265
266
266
267
268
270
270
271
272
274
275
275
275
275
275
276
276
277
278
278
280
280
281
282
283
284
285
286
287
288
289
291
291
292
293
294
296
296
298
299
299
300
301
302
303
303
305
306
308
308
309
311
311
313
313
314
316
317
317
318
319
321
321
322
322
323
325
326
327
329
330
330
331
332
333
334
334
335
335
336
337
338
339
340
341
342
343
344
345
346
347
349
350
350
352
352
354
354
355
356
357
358
359
361
361
363
363
364
365
366
366
368
369
370
371
372
373
374
375
376
377
378
379
380
381
381
382
383
384
385
386
386
388
389
390
391
392
392
394
395
396
396
398
398
399
400
401
401
403
404
405
406
406
407
408
409
410
411
412
413
415
415
416
417
419
419
421
421
422
423
424
425
426
427
428
429
430
432
432
433
434
435
436
437
439
441
442
442
443
445
445
447
447
448
450
450
451
452
453
454
455
456
457
458
458
459
461
462
463
463
464
465
466
467
467
468
469
470
471
472
473
474
476
476
477
477
478
479
481
481
482
483
484
485
486
487
488
489
490
492
492
493
494
495
496
497
498
499
500
500
502
504
505
505
507
507
508
509
511
511
512
513
513
513
515
515
516
516
517
520
520
521
522
523
525
525
526
528
528
529
530
531
532
533
534
535
536
536
537
538
540
541
542
543
543
545
547
547
548
549
550
550
551
551
551
552
553
555
555
556
557
558
559
561
561
561
563
564
566
566
567
568
569
570
571
572
574
575
575
576
578
579
580
581
581
581
582
583
583
586
586
587
589
589
590
591
592
593
594
595
596
597
597
598
599
602
603
604
605
606
608
608
608
609
611
611
613
613
615
615
617
617
619
619
621
621
623
624
624
625
626
628
628
630
631
631
632
633
635
636
636
637
638
639
640
641
642
643
643
644
646
647
648
650
651
652
653
654
654
655
656
657
657
658
660
660
661
661
662
663
665
665
666
667
668
669
669
671
672
673
674
675
676
677
678
679
680
680
681
682
683
684
685
686
687
688
688
689
689
689
690
692
692
693
694
695
697
697
699
699
699
701
701
702
703
704
705
705
707
708
709
710
711
712
713
714
715
716
717
717
718
719
720
720
721
722
723
725
725
727
727
728
729
730
733
733
733
734
735
736
738
739
739
740
742
742
743
744
745
746
748
748
750
750
752
753
753
755
755
756
758
759
760
761
762
763
764
765
766
767
769
769
771
771
771
772
774
777
777
778
779
780
782
782
783
784
786
786
787
790
790
790
791
792
793
794
796
796
797
799
800
800
800
800
801
802
804
804
805
805
806
807
808
810
810
812
813
813
814
814
815
816
818
819
820
821
822
824
824
825
826
829
829
829
829
830
832
832
834
834
835
836
837
838
838
839
840
840
841
842
844
845
845
846
846
847
848
848
848
849
851
851
852
853
854
855
855
856
856
857
860
861
862
862
863
864
865
866
868
868
868
869
871
871
872
875
875
877
878
878
879
881
882
882
884
884
885
886
886
887
889
890
890
891
892
893
893
894
896
896
896
897
898
900
900
901
902
902
904
906
907
907
908
909
910
910
911
913
914
914
915
915
916
917
918
919
920
922
922
924
924
926
926
926
926
927
929
930
931
932
933
933
934
936
936
937
938
939
940
940
942
943
943
944
945
947
948
948
949
951
951
952
953
955
955
20
21
22
23
25
26
27
27
29
29
30
31
32
33
34
35
36
37
39
39
40
41
42
43
45
46
46
48
48
50
50
52
52
53
54
55
56
58
58
59
60
62
63
65
65
67
69
69
71
71
72
73
74
75
76
78
79
79
80
80
80
82
82
82
85
85
86
87
88
89
90
91
92
92
92
97
97
98
100
100
100
101
103
103
104
106
106
107
108
109
110
110
111
113
113
113
115
116
118
119
119
120
121
122
123
124
125
126
128
128
129
130
131
132
133
134
136
136
137
137
139
140
141
142
143
144
144
144
144
145
147
148
149
150
150
153
153
153
154
154
156
157
158
158
159
160
160
162
163
163
164
165
167
167
168
168
169
171
172
173
174
174
174
175
176
178
180
180
181
182
183
184
186
186
187
188
189
190
191
192
193
193
194
195
197
199
199
200
201
202
203
203
204
204
206
209
209
210
211
212
214
214
216
217
217
218
219
220
220
220
222
223
224
224
225
226
227
228
229
230
231
233
233
234
235
236
237
238
239
240
241
242
243
244
246
246
246
247
247
248
249
250
250
252
252
253
253
256
256
257
258
259
260
260
261
262
263
264
265
266
266
267
268
268
269
272
272
273
274
276
276
277
278
279
280
281
281
282
284
285
288
289
289
291
291
292
293
294
296
296
298
298
299
300
302
302
303
304
305
306
306
307
308
309
310
312
312
313
314
314
316
317
318
319
320
321
323
323
324
325
326
328
328
329
330
331
331
333
333
334
335
337
337
338
339
340
341
343
343
344
346
346
348
348
348
350
351
352
353
354
355
356
358
358
359
360
361
363
363
364
365
366
367
369
370
370
372
373
373
374
375
376
378
379
379
380
381
383
383
384
385
387
387
389
389
391
391
392
393
394
396
397
398
399
401
401
402
404
405
406
408
408
409
409
410
411
412
413
413
416
416
417
418
419
420
422
424
425
425
426
428
429
430
431
432
433
435
436
436
437
438
439
439
441
442
443
444
445
446
447
447
449
449
451
452
452
454
455
455
456
458
458
459
461
461
462
463
464
465
467
467
467
470
471
471
472
473
474
476
477
478
479
480
481
482
483
486
486
486
487
488
490
490
491
491
491
492
493
494
495
496
496
497
498
498
499
500
502
503
503
503
505
507
507
508
509
510
512
513
513
514
515
516
517
519
519
520
520
522
523
524
525
526
528
528
528
529
531
532
533
533
534
535
537
537
538
539
540
541
542
543
545
545
545
547
548
548
550
551
552
553
553
555
555
556
557
558
559
560
560
560
562
562
564
565
566
566
567
569
570
570
571
573
573
574
575
576
577
578
579
580
581
581
582
583
584
587
587
588
589
590
591
593
594
594
594
596
597
597
599
599
599
600
601
602
603
604
605
607
608
608
608
609
610
612
612
613
613
613
614
615
616
616
617
619
620
622
622
624
624
625
626
627
628
629
630
631
633
634
634
635
637
638
639
639
640
641
642
643
645
646
647
648
650
651
652
653
654
656
656
658
658
660
660
662
662
663
664
664
665
665
667
667
669
669
670
671
672
673
675
676
677
679
679
680
681
681
682
684
684
685
686
688
688
689
689
690
692
694
694
695
696
698
699
699
700
700
701
704
704
705
706
707
709
709
710
710
712
714
714
715
717
718
718
719
720
721
722
723
723
724
726
726
727
728
729
731
732
732
732
733
734
734
736
736
737
739
739
740
741
742
743
743
744
746
746
747
748
749
750
750
752
754
754
755
755
756
758
758
759
761
762
763
764
765
765
766
767
768
769
770
771
773
773
775
776
776
777
778
781
781
782
783
784
786
786
787
790
790
792
793
793
794
795
796
797
798
799
800
802
803
804
805
806
807
807
809
809
810
811
811
812
813
815
816
816
818
819
819
819
821
821
822
823
824
826
826
827
829
829
830
831
832
833
834
835
836
836
838
839
840
842
842
843
844
844
846
846
847
848
850
850
852
852
852
853
854
856
856
858
858
859
860
861
862
862
864
864
865
866
867
868
869
871
872
872
874
874
874
876
876
877
878
880
880
881
882
883
883
885
886
888
888
890
891
892
892
894
894
895
895
896
898
898
898
899
899
901
903
903
905
906
907
907
909
910
911
912
913
914
915
916
917
919
919
919
920
922
922
924
924
927
928
928
929
931
931
933
933
933
934
936
936
938
938
939
940
940
940
941
944
944
945
945
945
946
946
948
949
951
952
952
954
955
955
956
957
957
959
960
961
962
963
964
965
966
967
967
969
969
969
970
972
973
974
974
975
976
977
978
19
20
21
21
21
22
23
24
24
25
26
27
28
29
30
31
32
32
34
34
35
36
37
38
39
40
41
42
43
44
46
47
47
48
50
50
51
52
53
55
56
56
58
58
59
60
62
62
63
64
65
67
67
68
69
70
72
73
73
74
75
76
78
78
78
80
82
83
83
83
85
86
87
88
89
91
91
92
93
94
95
95
96
98
98
99
99
101
101
104
104
105
106
107
107
108
108
111
111
112
112
114
115
116
116
117
118
119
120
121
122
123
124
126
127
128
129
130
132
132
133
133
135
135
136
137
139
140
141
142
144
144
145
146
147
148
149
150
151
152
153
153
153
153
154
156
157
157
157
158
161
162
162
163
164
165
165
166
167
168
168
170
170
171
173
173
174
174
175
176
177
178
179
179
180
182
183
184
185
186
187
188
189
189
190
191
191
193
194
195
196
197
197
199
199
200
201
202
203
204
207
207
207
207
208
209
210
211
212
213
214
215
217
218
218
219
220
220
222
223
224
225
226
227
228
229
230
232
233
233
235
235
236
236
238
239
241
241
243
244
244
244
246
246
247
248
250
251
252
253
254
254
255
256
257
259
260
260
262
262
263
263
265
267
267
268
269
270
271
273
273
274
276
276
278
278
279
280
281
282
282
283
285
286
287
289
290
290
290
291
293
294
295
296
297
298
299
300
300
301
303
303
305
306
307
309
309
310
311
312
313
315
315
315
316
318
319
320
320
321
323
323
323
324
325
326
327
328
329
331
331
332
334
335
335
336
337
338
338
339
339
341
342
343
344
345
345
346
346
348
349
350
351
352
354
354
356
356
357
358
360
360
361
361
363
364
365
366
367
369
369
370
370
372
372
373
374
376
376
377
377
378
378
379
381
382
382
383
384
386
386
386
388
389
390
392
392
392
393
395
395
396
397
399
401
401
402
404
404
406
406
407
408
409
410
411
412
414
414
415
416
418
418
418
420
420
420
421
422
423
424
425
427
427
428
429
431
432
432
433
434
435
436
437
438
439
440
440
441
441
443
444
445
445
446
448
450
450
452
452
453
454
455
455
455
456
457
457
459
459
459
460
461
462
464
464
465
466
466
467
468
469
471
472
473
473
475
475
476
477
478
479
480
481
482
483
484
485
487
487
488
490
490
491
493
493
494
495
497
497
498
499
500
501
501
503
504
504
505
505
507
507
508
509
511
511
512
513
514
515
516
517
518
519
520
521
521
522
525
525
527
527
528
529
529
530
533
533
534
535
537
537
539
539
539
540
541
542
543
544
545
546
546
548
549
550
551
552
553
553
554
555
556
557
558
559
559
560
562
562
564
565
565
566
567
568
568
570
571
571
572
573
574
575
576
577
578
579
580
581
582
583
585
585
586
586
588
590
590
592
593
594
595
596
597
598
598
599
600
600
601
602
603
604
605
606
607
608
610
610
611
612
613
613
614
615
616
617
618
619
620
621
622
623
624
625
627
627
628
629
630
631
632
634
634
636
636
637
637
638
639
639
641
642
643
645
646
647
647
648
649
649
650
651
652
652
653
654
655
656
657
658
658
659
660
661
662
663
665
665
665
666
667
668
669
670
672
672
673
674
675
676
678
678
679
680
682
683
683
684
686
686
687
688
690
690
691
693
693
693
694
695
696
698
699
699
700
702
702
703
705
705
705
706
708
709
709
711
712
712
713
713
715
716
717
718
719
719
720
721
721
723
723
724
724
725
726
726
727
728
729
730
731
733
733
734
736
737
737
738
739
740
741
742
743
744
744
745
746
747
748
749
749
751
752
755
755
756
756
756
757
758
760
761
762
762
763
764
765
766
766
768
769
770
771
773
774
776
777
777
777
778
779
779
780
780
781
782
783
784
785
786
787
787
788
790
791
791
793
793
794
796
796
797
799
800
800
801
802
803
804
806
806
807
808
809
810
810
811
811
812
813
815
816
816
816
817
817
817
818
819
820
821
822
824
824
825
826
827
829
829
830
831
832
833
834
836
836
837
838
840
841
841
842
842
843
845
845
846
847
847
847
848
849
851
851
852
853
854
855
856
857
858
859
860
861
862
864
864
866
867
867
868
869
870
871
872
874
874
875
877
877
878
879
881
881
882
882
883
884
884
885
886
887
888
888
889
890
891
891
892
893
895
895
896
897
898
899
900
902
902
902
904
904
905
906
907
907
908
908
909
910
911
913
913
915
916
917
918
919
921
921
922
922
923
924
924
926
926
927
929
929
929
930
932
932
933
934
936
936
937
937
939
939
940
941
942
943
943
945
